<?xml version="1.0" encoding="UTF-8" ?>
<testsuite failures="0" time="0.148" errors="0" skipped="0" tests="3" name="de.userprompt.InConditionTest">
  <properties>
    <property name="java.runtime.name" value="Java(TM) SE Runtime Environment"/>
    <property name="sun.boot.library.path" value="/usr/lib/jvm/java-6-sun-1.6.0.26/jre/lib/amd64"/>
    <property name="java.vm.version" value="20.1-b02"/>
    <property name="java.vm.vendor" value="Sun Microsystems Inc."/>
    <property name="java.vendor.url" value="http://java.sun.com/"/>
    <property name="path.separator" value=":"/>
    <property name="java.vm.name" value="Java HotSpot(TM) 64-Bit Server VM"/>
    <property name="file.encoding.pkg" value="sun.io"/>
    <property name="user.country" value="DE"/>
    <property name="sun.java.launcher" value="SUN_STANDARD"/>
    <property name="sun.os.patch.level" value="unknown"/>
    <property name="java.vm.specification.name" value="Java Virtual Machine Specification"/>
    <property name="user.dir" value="/home/thies/Arbeitsfläche/pre_git/utils_userweave"/>
    <property name="java.runtime.version" value="1.6.0_26-b03"/>
    <property name="java.awt.graphicsenv" value="sun.awt.X11GraphicsEnvironment"/>
    <property name="basedir" value="/home/thies/Arbeitsfläche/pre_git/utils_userweave"/>
    <property name="java.endorsed.dirs" value="/usr/lib/jvm/java-6-sun-1.6.0.26/jre/lib/endorsed"/>
    <property name="os.arch" value="amd64"/>
    <property name="surefire.real.class.path" value="/tmp/surefirebooter2363401995167494498.jar"/>
    <property name="java.io.tmpdir" value="/tmp"/>
    <property name="line.separator" value="
"/>
    <property name="java.vm.specification.vendor" value="Sun Microsystems Inc."/>
    <property name="os.name" value="Linux"/>
    <property name="sun.jnu.encoding" value="UTF-8"/>
    <property name="java.library.path" value="/usr/lib/jvm/java-6-sun-1.6.0.26/jre/lib/amd64/server:/usr/lib/jvm/java-6-sun-1.6.0.26/jre/lib/amd64:/usr/lib/jvm/java-6-sun-1.6.0.26/jre/../lib/amd64:/usr/java/packages/lib/amd64:/usr/lib64:/lib64:/lib:/usr/lib"/>
    <property name="surefire.test.class.path" value="/home/thies/Arbeitsfläche/pre_git/utils_userweave/target/test-classes:/home/thies/Arbeitsfläche/pre_git/utils_userweave/target/classes:/home/thies/.m2/repository/junit/junit/3.8.1/junit-3.8.1.jar:/home/thies/.m2/repository/org/hibernate/hibernate/3.2.6.ga/hibernate-3.2.6.ga.jar:/home/thies/.m2/repository/net/sf/ehcache/ehcache/1.2.3/ehcache-1.2.3.jar:/home/thies/.m2/repository/commons-logging/commons-logging/1.0.4/commons-logging-1.0.4.jar:/home/thies/.m2/repository/javax/transaction/jta/1.0.1B/jta-1.0.1B.jar:/home/thies/.m2/repository/dom4j/dom4j/1.6.1/dom4j-1.6.1.jar:/home/thies/.m2/repository/antlr/antlr/2.7.6/antlr-2.7.6.jar:/home/thies/.m2/repository/org/antlr/stringtemplate/3.2/stringtemplate-3.2.jar:"/>
    <property name="java.specification.name" value="Java Platform API Specification"/>
    <property name="java.class.version" value="50.0"/>
    <property name="sun.management.compiler" value="HotSpot 64-Bit Tiered Compilers"/>
    <property name="os.version" value="3.0.0-12-generic"/>
    <property name="user.home" value="/home/thies"/>
    <property name="user.timezone" value=""/>
    <property name="java.awt.printerjob" value="sun.print.PSPrinterJob"/>
    <property name="file.encoding" value="UTF-8"/>
    <property name="java.specification.version" value="1.6"/>
    <property name="user.name" value="thies"/>
    <property name="java.class.path" value="/home/thies/Arbeitsfläche/pre_git/utils_userweave/target/test-classes:/home/thies/Arbeitsfläche/pre_git/utils_userweave/target/classes:/home/thies/.m2/repository/junit/junit/3.8.1/junit-3.8.1.jar:/home/thies/.m2/repository/org/hibernate/hibernate/3.2.6.ga/hibernate-3.2.6.ga.jar:/home/thies/.m2/repository/net/sf/ehcache/ehcache/1.2.3/ehcache-1.2.3.jar:/home/thies/.m2/repository/commons-logging/commons-logging/1.0.4/commons-logging-1.0.4.jar:/home/thies/.m2/repository/javax/transaction/jta/1.0.1B/jta-1.0.1B.jar:/home/thies/.m2/repository/dom4j/dom4j/1.6.1/dom4j-1.6.1.jar:/home/thies/.m2/repository/antlr/antlr/2.7.6/antlr-2.7.6.jar:/home/thies/.m2/repository/org/antlr/stringtemplate/3.2/stringtemplate-3.2.jar:"/>
    <property name="java.vm.specification.version" value="1.0"/>
    <property name="sun.arch.data.model" value="64"/>
    <property name="java.home" value="/usr/lib/jvm/java-6-sun-1.6.0.26/jre"/>
    <property name="sun.java.command" value="/tmp/surefirebooter2363401995167494498.jar /tmp/surefire7544429421424515889tmp /tmp/surefire2762173535841229856tmp"/>
    <property name="java.specification.vendor" value="Sun Microsystems Inc."/>
    <property name="user.language" value="de"/>
    <property name="java.vm.info" value="mixed mode"/>
    <property name="java.version" value="1.6.0_26"/>
    <property name="java.ext.dirs" value="/usr/lib/jvm/java-6-sun-1.6.0.26/jre/lib/ext:/usr/java/packages/lib/ext"/>
    <property name="sun.boot.class.path" value="/usr/lib/jvm/java-6-sun-1.6.0.26/jre/lib/resources.jar:/usr/lib/jvm/java-6-sun-1.6.0.26/jre/lib/rt.jar:/usr/lib/jvm/java-6-sun-1.6.0.26/jre/lib/sunrsasign.jar:/usr/lib/jvm/java-6-sun-1.6.0.26/jre/lib/jsse.jar:/usr/lib/jvm/java-6-sun-1.6.0.26/jre/lib/jce.jar:/usr/lib/jvm/java-6-sun-1.6.0.26/jre/lib/charsets.jar:/usr/lib/jvm/java-6-sun-1.6.0.26/jre/lib/modules/jdk.boot.jar:/usr/lib/jvm/java-6-sun-1.6.0.26/jre/classes"/>
    <property name="java.vendor" value="Sun Microsystems Inc."/>
    <property name="localRepository" value="/home/thies/.m2/repository"/>
    <property name="file.separator" value="/"/>
    <property name="java.vendor.url.bug" value="http://java.sun.com/cgi-bin/bugreport.cgi"/>
    <property name="sun.cpu.endian" value="little"/>
    <property name="sun.io.unicode.encoding" value="UnicodeLittle"/>
    <property name="sun.desktop" value="gnome"/>
    <property name="sun.cpu.isalist" value=""/>
  </properties>
  <testcase time="0.11" classname="de.userprompt.InConditionTest" name="testInConditionWithFilledList"/>
  <testcase time="0.011" classname="de.userprompt.InConditionTest" name="testInConditionWithEmptyList"/>
  <testcase time="0.012" classname="de.userprompt.InConditionTest" name="testInConditionWithNullList"/>
</testsuite>