<?xml version="1.0" encoding="UTF-8" ?>
<testsuite failures="0" time="3.857" errors="0" skipped="0" tests="1" name="com.usabilitymethods.module.methoden.iconunderstandability.domain.ScoreRangeListTest">
  <properties>
    <property name="java.runtime.name" value="Java(TM) SE Runtime Environment"/>
    <property name="sun.boot.library.path" value="/usr/lib/jvm/java-6-sun-1.6.0.26/jre/lib/amd64"/>
    <property name="java.vm.version" value="20.1-b02"/>
    <property name="java.vm.vendor" value="Sun Microsystems Inc."/>
    <property name="java.vendor.url" value="http://java.sun.com/"/>
    <property name="path.separator" value=":"/>
    <property name="java.vm.name" value="Java HotSpot(TM) 64-Bit Server VM"/>
    <property name="file.encoding.pkg" value="sun.io"/>
    <property name="user.country" value="DE"/>
    <property name="sun.java.launcher" value="SUN_STANDARD"/>
    <property name="sun.os.patch.level" value="unknown"/>
    <property name="java.vm.specification.name" value="Java Virtual Machine Specification"/>
    <property name="user.dir" value="/home/thies/Arbeitsfläche/methodenportal/methodenportal-core"/>
    <property name="java.runtime.version" value="1.6.0_26-b03"/>
    <property name="java.awt.graphicsenv" value="sun.awt.X11GraphicsEnvironment"/>
    <property name="basedir" value="/home/thies/Arbeitsfläche/methodenportal/methodenportal-core"/>
    <property name="java.endorsed.dirs" value="/usr/lib/jvm/java-6-sun-1.6.0.26/jre/lib/endorsed"/>
    <property name="os.arch" value="amd64"/>
    <property name="surefire.real.class.path" value="/tmp/surefirebooter7028293053777957088.jar"/>
    <property name="java.io.tmpdir" value="/tmp"/>
    <property name="line.separator" value="
"/>
    <property name="java.vm.specification.vendor" value="Sun Microsystems Inc."/>
    <property name="os.name" value="Linux"/>
    <property name="sun.jnu.encoding" value="UTF-8"/>
    <property name="java.library.path" value="/usr/lib/jvm/java-6-sun-1.6.0.26/jre/lib/amd64/server:/usr/lib/jvm/java-6-sun-1.6.0.26/jre/lib/amd64:/usr/lib/jvm/java-6-sun-1.6.0.26/jre/../lib/amd64:/usr/java/packages/lib/amd64:/usr/lib64:/lib64:/lib:/usr/lib"/>
    <property name="surefire.test.class.path" value="/home/thies/Arbeitsfläche/methodenportal/methodenportal-core/target/test-classes:/home/thies/Arbeitsfläche/methodenportal/methodenportal-core/target/classes:/home/thies/.m2/repository/org/apache/wicket/wicket-core/1.5.3/wicket-core-1.5.3.jar:/home/thies/.m2/repository/org/apache/wicket/wicket-util/1.5.3/wicket-util-1.5.3.jar:/home/thies/.m2/repository/org/slf4j/slf4j-api/1.6.1/slf4j-api-1.6.1.jar:/home/thies/.m2/repository/org/apache/wicket/wicket-request/1.5.3/wicket-request-1.5.3.jar:/home/thies/.m2/repository/org/apache/wicket/wicket-extensions/1.5.3/wicket-extensions-1.5.3.jar:/home/thies/.m2/repository/org/apache/wicket/wicket-ioc/1.5.3/wicket-ioc-1.5.3.jar:/home/thies/.m2/repository/cglib/cglib/2.2/cglib-2.2.jar:/home/thies/.m2/repository/asm/asm/3.1/asm-3.1.jar:/home/thies/.m2/repository/org/apache/wicket/wicket-spring/1.5.3/wicket-spring-1.5.3.jar:/home/thies/.m2/repository/org/apache/wicket/wicket-auth-roles/1.5.3/wicket-auth-roles-1.5.3.jar:/home/thies/.m2/repository/org/springframework/spring-context/3.0.5.RELEASE/spring-context-3.0.5.RELEASE.jar:/home/thies/.m2/repository/org/springframework/spring-aop/3.0.5.RELEASE/spring-aop-3.0.5.RELEASE.jar:/home/thies/.m2/repository/aopalliance/aopalliance/1.0/aopalliance-1.0.jar:/home/thies/.m2/repository/org/springframework/spring-asm/3.0.5.RELEASE/spring-asm-3.0.5.RELEASE.jar:/home/thies/.m2/repository/org/springframework/spring-beans/3.0.5.RELEASE/spring-beans-3.0.5.RELEASE.jar:/home/thies/.m2/repository/org/springframework/spring-core/3.0.5.RELEASE/spring-core-3.0.5.RELEASE.jar:/home/thies/.m2/repository/commons-logging/commons-logging/1.0.4/commons-logging-1.0.4.jar:/home/thies/.m2/repository/org/springframework/spring-expression/3.0.5.RELEASE/spring-expression-3.0.5.RELEASE.jar:/home/thies/.m2/repository/org/springframework/spring-web/3.0.5.RELEASE/spring-web-3.0.5.RELEASE.jar:/home/thies/.m2/repository/org/springframework/spring-orm/3.0.5.RELEASE/spring-orm-3.0.5.RELEASE.jar:/home/thies/.m2/repository/org/springframework/spring-jdbc/3.0.5.RELEASE/spring-jdbc-3.0.5.RELEASE.jar:/home/thies/.m2/repository/org/springframework/spring-tx/3.0.5.RELEASE/spring-tx-3.0.5.RELEASE.jar:/home/thies/.m2/repository/org/opensymphony/quartz/quartz/1.6.1/quartz-1.6.1.jar:/home/thies/.m2/repository/org/hibernate/hibernate/3.2.6.ga/hibernate-3.2.6.ga.jar:/home/thies/.m2/repository/net/sf/ehcache/ehcache/1.2.3/ehcache-1.2.3.jar:/home/thies/.m2/repository/javax/transaction/jta/1.0.1B/jta-1.0.1B.jar:/home/thies/.m2/repository/dom4j/dom4j/1.6.1/dom4j-1.6.1.jar:/home/thies/.m2/repository/antlr/antlr/2.7.6/antlr-2.7.6.jar:/home/thies/.m2/repository/cglib/cglib-nodep/2.1_3/cglib-nodep-2.1_3.jar:/home/thies/.m2/repository/org/hibernate/hibernate-annotations/3.3.1.GA/hibernate-annotations-3.3.1.GA.jar:/home/thies/.m2/repository/org/hibernate/hibernate-commons-annotations/3.0.0.ga/hibernate-commons-annotations-3.0.0.ga.jar:/home/thies/.m2/repository/org/hibernate/ejb3-persistence/1.0.1.GA/ejb3-persistence-1.0.1.GA.jar:/home/thies/.m2/repository/hsqldb/hsqldb/1.8.0.1/hsqldb-1.8.0.1.jar:/home/thies/.m2/repository/org/mortbay/jetty/jetty/6.1.5/jetty-6.1.5.jar:/home/thies/.m2/repository/org/mortbay/jetty/jetty-util/6.1.5/jetty-util-6.1.5.jar:/home/thies/.m2/repository/org/mortbay/jetty/servlet-api-2.5/6.1.5/servlet-api-2.5-6.1.5.jar:/home/thies/.m2/repository/postgresql/postgresql/8.3-603.jdbc3/postgresql-8.3-603.jdbc3.jar:/home/thies/.m2/repository/c3p0/c3p0/0.9.1.2/c3p0-0.9.1.2.jar:/home/thies/.m2/repository/org/slf4j/slf4j-log4j12/1.6.4/slf4j-log4j12-1.6.4.jar:/home/thies/.m2/repository/log4j/log4j/1.2.16/log4j-1.2.16.jar:/home/thies/Arbeitsfläche/methodenportal/utils/target/utils-1.4.11_SNAPSHOT.jar:/home/thies/.m2/repository/org/antlr/stringtemplate/3.2/stringtemplate-3.2.jar:/home/thies/Arbeitsfläche/methodenportal/methodenportal-pdf/target/methodenportal-pdf-1.4.11_SNAPSHOT.jar:/home/thies/.m2/repository/com/lowagie/itext/2.1.7/itext-2.1.7.jar:/home/thies/.m2/repository/bouncycastle/bcmail-jdk14/138/bcmail-jdk14-138.jar:/home/thies/.m2/repository/bouncycastle/bcprov-jdk14/138/bcprov-jdk14-138.jar:/home/thies/.m2/repository/org/bouncycastle/bctsp-jdk14/1.38/bctsp-jdk14-1.38.jar:/home/thies/.m2/repository/org/bouncycastle/bcprov-jdk14/1.38/bcprov-jdk14-1.38.jar:/home/thies/.m2/repository/org/bouncycastle/bcmail-jdk14/1.38/bcmail-jdk14-1.38.jar:/home/thies/.m2/repository/org/apache/xmlgraphics/fop/0.95beta-1/fop-0.95beta-1.jar:/home/thies/.m2/repository/org/apache/xmlgraphics/xmlgraphics-commons/1.3/xmlgraphics-commons-1.3.jar:/home/thies/.m2/repository/commons-io/commons-io/1.3.1/commons-io-1.3.1.jar:/home/thies/.m2/repository/org/apache/xmlgraphics/batik-svg-dom/1.7/batik-svg-dom-1.7.jar:/home/thies/.m2/repository/org/apache/xmlgraphics/batik-anim/1.7/batik-anim-1.7.jar:/home/thies/.m2/repository/org/apache/xmlgraphics/batik-awt-util/1.7/batik-awt-util-1.7.jar:/home/thies/.m2/repository/org/apache/xmlgraphics/batik-util/1.7/batik-util-1.7.jar:/home/thies/.m2/repository/org/apache/xmlgraphics/batik-dom/1.7/batik-dom-1.7.jar:/home/thies/.m2/repository/org/apache/xmlgraphics/batik-css/1.7/batik-css-1.7.jar:/home/thies/.m2/repository/org/apache/xmlgraphics/batik-ext/1.7/batik-ext-1.7.jar:/home/thies/.m2/repository/xml-apis/xml-apis/1.3.04/xml-apis-1.3.04.jar:/home/thies/.m2/repository/xml-apis/xml-apis-ext/1.3.04/xml-apis-ext-1.3.04.jar:/home/thies/.m2/repository/org/apache/xmlgraphics/batik-xml/1.7/batik-xml-1.7.jar:/home/thies/.m2/repository/xalan/xalan/2.6.0/xalan-2.6.0.jar:/home/thies/.m2/repository/org/apache/xmlgraphics/batik-parser/1.7/batik-parser-1.7.jar:/home/thies/.m2/repository/org/apache/xmlgraphics/batik-bridge/1.7/batik-bridge-1.7.jar:/home/thies/.m2/repository/org/apache/xmlgraphics/batik-gvt/1.7/batik-gvt-1.7.jar:/home/thies/.m2/repository/org/apache/xmlgraphics/batik-script/1.7/batik-script-1.7.jar:/home/thies/.m2/repository/org/apache/xmlgraphics/batik-transcoder/1.7/batik-transcoder-1.7.jar:/home/thies/.m2/repository/org/apache/xmlgraphics/batik-svggen/1.7/batik-svggen-1.7.jar:/home/thies/.m2/repository/org/apache/xmlgraphics/batik-extension/1.7/batik-extension-1.7.jar:/home/thies/.m2/repository/org/apache/avalon/framework/avalon-framework-api/4.3.1/avalon-framework-api-4.3.1.jar:/home/thies/.m2/repository/junit/junit/4.4/junit-4.4.jar:/home/thies/.m2/repository/joda-time/joda-time/1.5.2/joda-time-1.5.2.jar:/home/thies/.m2/repository/joda-time/joda-time-hibernate/1.1/joda-time-hibernate-1.1.jar:/home/thies/.m2/repository/commons-logging/commons-logging-api/1.0.4/commons-logging-api-1.0.4.jar:/home/thies/.m2/repository/commons-collections/commons-collections/3.1/commons-collections-3.1.jar:/home/thies/.m2/repository/ehcache/ehcache/1.1/ehcache-1.1.jar:/home/thies/.m2/repository/org/apache/wicket/wicket-datetime/1.5.3/wicket-datetime-1.5.3.jar:/home/thies/.m2/repository/bliki/bliki/3.0.7/bliki-3.0.7.jar:/home/thies/.m2/repository/commons-math/commons-math/1.2/commons-math-1.2.jar:/home/thies/.m2/repository/javax/mail/mail/1.4.1/mail-1.4.1.jar:/home/thies/.m2/repository/javax/activation/activation/1.1/activation-1.1.jar:/home/thies/.m2/repository/org/apache/ant/ant/1.7.1/ant-1.7.1.jar:/home/thies/.m2/repository/org/apache/ant/ant-launcher/1.7.1/ant-launcher-1.7.1.jar:"/>
    <property name="java.specification.name" value="Java Platform API Specification"/>
    <property name="java.class.version" value="50.0"/>
    <property name="sun.management.compiler" value="HotSpot 64-Bit Tiered Compilers"/>
    <property name="os.version" value="3.0.0-12-generic"/>
    <property name="user.home" value="/home/thies"/>
    <property name="user.timezone" value="Europe/Berlin"/>
    <property name="java.awt.printerjob" value="sun.print.PSPrinterJob"/>
    <property name="file.encoding" value="UTF-8"/>
    <property name="java.specification.version" value="1.6"/>
    <property name="user.name" value="thies"/>
    <property name="java.class.path" value="/home/thies/Arbeitsfläche/methodenportal/methodenportal-core/target/test-classes:/home/thies/Arbeitsfläche/methodenportal/methodenportal-core/target/classes:/home/thies/.m2/repository/org/apache/wicket/wicket-core/1.5.3/wicket-core-1.5.3.jar:/home/thies/.m2/repository/org/apache/wicket/wicket-util/1.5.3/wicket-util-1.5.3.jar:/home/thies/.m2/repository/org/slf4j/slf4j-api/1.6.1/slf4j-api-1.6.1.jar:/home/thies/.m2/repository/org/apache/wicket/wicket-request/1.5.3/wicket-request-1.5.3.jar:/home/thies/.m2/repository/org/apache/wicket/wicket-extensions/1.5.3/wicket-extensions-1.5.3.jar:/home/thies/.m2/repository/org/apache/wicket/wicket-ioc/1.5.3/wicket-ioc-1.5.3.jar:/home/thies/.m2/repository/cglib/cglib/2.2/cglib-2.2.jar:/home/thies/.m2/repository/asm/asm/3.1/asm-3.1.jar:/home/thies/.m2/repository/org/apache/wicket/wicket-spring/1.5.3/wicket-spring-1.5.3.jar:/home/thies/.m2/repository/org/apache/wicket/wicket-auth-roles/1.5.3/wicket-auth-roles-1.5.3.jar:/home/thies/.m2/repository/org/springframework/spring-context/3.0.5.RELEASE/spring-context-3.0.5.RELEASE.jar:/home/thies/.m2/repository/org/springframework/spring-aop/3.0.5.RELEASE/spring-aop-3.0.5.RELEASE.jar:/home/thies/.m2/repository/aopalliance/aopalliance/1.0/aopalliance-1.0.jar:/home/thies/.m2/repository/org/springframework/spring-asm/3.0.5.RELEASE/spring-asm-3.0.5.RELEASE.jar:/home/thies/.m2/repository/org/springframework/spring-beans/3.0.5.RELEASE/spring-beans-3.0.5.RELEASE.jar:/home/thies/.m2/repository/org/springframework/spring-core/3.0.5.RELEASE/spring-core-3.0.5.RELEASE.jar:/home/thies/.m2/repository/commons-logging/commons-logging/1.0.4/commons-logging-1.0.4.jar:/home/thies/.m2/repository/org/springframework/spring-expression/3.0.5.RELEASE/spring-expression-3.0.5.RELEASE.jar:/home/thies/.m2/repository/org/springframework/spring-web/3.0.5.RELEASE/spring-web-3.0.5.RELEASE.jar:/home/thies/.m2/repository/org/springframework/spring-orm/3.0.5.RELEASE/spring-orm-3.0.5.RELEASE.jar:/home/thies/.m2/repository/org/springframework/spring-jdbc/3.0.5.RELEASE/spring-jdbc-3.0.5.RELEASE.jar:/home/thies/.m2/repository/org/springframework/spring-tx/3.0.5.RELEASE/spring-tx-3.0.5.RELEASE.jar:/home/thies/.m2/repository/org/opensymphony/quartz/quartz/1.6.1/quartz-1.6.1.jar:/home/thies/.m2/repository/org/hibernate/hibernate/3.2.6.ga/hibernate-3.2.6.ga.jar:/home/thies/.m2/repository/net/sf/ehcache/ehcache/1.2.3/ehcache-1.2.3.jar:/home/thies/.m2/repository/javax/transaction/jta/1.0.1B/jta-1.0.1B.jar:/home/thies/.m2/repository/dom4j/dom4j/1.6.1/dom4j-1.6.1.jar:/home/thies/.m2/repository/antlr/antlr/2.7.6/antlr-2.7.6.jar:/home/thies/.m2/repository/cglib/cglib-nodep/2.1_3/cglib-nodep-2.1_3.jar:/home/thies/.m2/repository/org/hibernate/hibernate-annotations/3.3.1.GA/hibernate-annotations-3.3.1.GA.jar:/home/thies/.m2/repository/org/hibernate/hibernate-commons-annotations/3.0.0.ga/hibernate-commons-annotations-3.0.0.ga.jar:/home/thies/.m2/repository/org/hibernate/ejb3-persistence/1.0.1.GA/ejb3-persistence-1.0.1.GA.jar:/home/thies/.m2/repository/hsqldb/hsqldb/1.8.0.1/hsqldb-1.8.0.1.jar:/home/thies/.m2/repository/org/mortbay/jetty/jetty/6.1.5/jetty-6.1.5.jar:/home/thies/.m2/repository/org/mortbay/jetty/jetty-util/6.1.5/jetty-util-6.1.5.jar:/home/thies/.m2/repository/org/mortbay/jetty/servlet-api-2.5/6.1.5/servlet-api-2.5-6.1.5.jar:/home/thies/.m2/repository/postgresql/postgresql/8.3-603.jdbc3/postgresql-8.3-603.jdbc3.jar:/home/thies/.m2/repository/c3p0/c3p0/0.9.1.2/c3p0-0.9.1.2.jar:/home/thies/.m2/repository/org/slf4j/slf4j-log4j12/1.6.4/slf4j-log4j12-1.6.4.jar:/home/thies/.m2/repository/log4j/log4j/1.2.16/log4j-1.2.16.jar:/home/thies/Arbeitsfläche/methodenportal/utils/target/utils-1.4.11_SNAPSHOT.jar:/home/thies/.m2/repository/org/antlr/stringtemplate/3.2/stringtemplate-3.2.jar:/home/thies/Arbeitsfläche/methodenportal/methodenportal-pdf/target/methodenportal-pdf-1.4.11_SNAPSHOT.jar:/home/thies/.m2/repository/com/lowagie/itext/2.1.7/itext-2.1.7.jar:/home/thies/.m2/repository/bouncycastle/bcmail-jdk14/138/bcmail-jdk14-138.jar:/home/thies/.m2/repository/bouncycastle/bcprov-jdk14/138/bcprov-jdk14-138.jar:/home/thies/.m2/repository/org/bouncycastle/bctsp-jdk14/1.38/bctsp-jdk14-1.38.jar:/home/thies/.m2/repository/org/bouncycastle/bcprov-jdk14/1.38/bcprov-jdk14-1.38.jar:/home/thies/.m2/repository/org/bouncycastle/bcmail-jdk14/1.38/bcmail-jdk14-1.38.jar:/home/thies/.m2/repository/org/apache/xmlgraphics/fop/0.95beta-1/fop-0.95beta-1.jar:/home/thies/.m2/repository/org/apache/xmlgraphics/xmlgraphics-commons/1.3/xmlgraphics-commons-1.3.jar:/home/thies/.m2/repository/commons-io/commons-io/1.3.1/commons-io-1.3.1.jar:/home/thies/.m2/repository/org/apache/xmlgraphics/batik-svg-dom/1.7/batik-svg-dom-1.7.jar:/home/thies/.m2/repository/org/apache/xmlgraphics/batik-anim/1.7/batik-anim-1.7.jar:/home/thies/.m2/repository/org/apache/xmlgraphics/batik-awt-util/1.7/batik-awt-util-1.7.jar:/home/thies/.m2/repository/org/apache/xmlgraphics/batik-util/1.7/batik-util-1.7.jar:/home/thies/.m2/repository/org/apache/xmlgraphics/batik-dom/1.7/batik-dom-1.7.jar:/home/thies/.m2/repository/org/apache/xmlgraphics/batik-css/1.7/batik-css-1.7.jar:/home/thies/.m2/repository/org/apache/xmlgraphics/batik-ext/1.7/batik-ext-1.7.jar:/home/thies/.m2/repository/xml-apis/xml-apis/1.3.04/xml-apis-1.3.04.jar:/home/thies/.m2/repository/xml-apis/xml-apis-ext/1.3.04/xml-apis-ext-1.3.04.jar:/home/thies/.m2/repository/org/apache/xmlgraphics/batik-xml/1.7/batik-xml-1.7.jar:/home/thies/.m2/repository/xalan/xalan/2.6.0/xalan-2.6.0.jar:/home/thies/.m2/repository/org/apache/xmlgraphics/batik-parser/1.7/batik-parser-1.7.jar:/home/thies/.m2/repository/org/apache/xmlgraphics/batik-bridge/1.7/batik-bridge-1.7.jar:/home/thies/.m2/repository/org/apache/xmlgraphics/batik-gvt/1.7/batik-gvt-1.7.jar:/home/thies/.m2/repository/org/apache/xmlgraphics/batik-script/1.7/batik-script-1.7.jar:/home/thies/.m2/repository/org/apache/xmlgraphics/batik-transcoder/1.7/batik-transcoder-1.7.jar:/home/thies/.m2/repository/org/apache/xmlgraphics/batik-svggen/1.7/batik-svggen-1.7.jar:/home/thies/.m2/repository/org/apache/xmlgraphics/batik-extension/1.7/batik-extension-1.7.jar:/home/thies/.m2/repository/org/apache/avalon/framework/avalon-framework-api/4.3.1/avalon-framework-api-4.3.1.jar:/home/thies/.m2/repository/junit/junit/4.4/junit-4.4.jar:/home/thies/.m2/repository/joda-time/joda-time/1.5.2/joda-time-1.5.2.jar:/home/thies/.m2/repository/joda-time/joda-time-hibernate/1.1/joda-time-hibernate-1.1.jar:/home/thies/.m2/repository/commons-logging/commons-logging-api/1.0.4/commons-logging-api-1.0.4.jar:/home/thies/.m2/repository/commons-collections/commons-collections/3.1/commons-collections-3.1.jar:/home/thies/.m2/repository/ehcache/ehcache/1.1/ehcache-1.1.jar:/home/thies/.m2/repository/org/apache/wicket/wicket-datetime/1.5.3/wicket-datetime-1.5.3.jar:/home/thies/.m2/repository/bliki/bliki/3.0.7/bliki-3.0.7.jar:/home/thies/.m2/repository/commons-math/commons-math/1.2/commons-math-1.2.jar:/home/thies/.m2/repository/javax/mail/mail/1.4.1/mail-1.4.1.jar:/home/thies/.m2/repository/javax/activation/activation/1.1/activation-1.1.jar:/home/thies/.m2/repository/org/apache/ant/ant/1.7.1/ant-1.7.1.jar:/home/thies/.m2/repository/org/apache/ant/ant-launcher/1.7.1/ant-launcher-1.7.1.jar:"/>
    <property name="java.vm.specification.version" value="1.0"/>
    <property name="sun.arch.data.model" value="64"/>
    <property name="java.home" value="/usr/lib/jvm/java-6-sun-1.6.0.26/jre"/>
    <property name="sun.java.command" value="/tmp/surefirebooter7028293053777957088.jar /tmp/surefire8560520596077320424tmp /tmp/surefire5408843390033496073tmp"/>
    <property name="java.specification.vendor" value="Sun Microsystems Inc."/>
    <property name="user.language" value="de"/>
    <property name="java.vm.info" value="mixed mode"/>
    <property name="java.version" value="1.6.0_26"/>
    <property name="java.ext.dirs" value="/usr/lib/jvm/java-6-sun-1.6.0.26/jre/lib/ext:/usr/java/packages/lib/ext"/>
    <property name="sun.boot.class.path" value="/usr/lib/jvm/java-6-sun-1.6.0.26/jre/lib/resources.jar:/usr/lib/jvm/java-6-sun-1.6.0.26/jre/lib/rt.jar:/usr/lib/jvm/java-6-sun-1.6.0.26/jre/lib/sunrsasign.jar:/usr/lib/jvm/java-6-sun-1.6.0.26/jre/lib/jsse.jar:/usr/lib/jvm/java-6-sun-1.6.0.26/jre/lib/jce.jar:/usr/lib/jvm/java-6-sun-1.6.0.26/jre/lib/charsets.jar:/usr/lib/jvm/java-6-sun-1.6.0.26/jre/lib/modules/jdk.boot.jar:/usr/lib/jvm/java-6-sun-1.6.0.26/jre/classes"/>
    <property name="java.vendor" value="Sun Microsystems Inc."/>
    <property name="localRepository" value="/home/thies/.m2/repository"/>
    <property name="file.separator" value="/"/>
    <property name="java.vendor.url.bug" value="http://java.sun.com/cgi-bin/bugreport.cgi"/>
    <property name="sun.cpu.endian" value="little"/>
    <property name="sun.io.unicode.encoding" value="UnicodeLittle"/>
    <property name="sun.desktop" value="gnome"/>
    <property name="sun.cpu.isalist" value=""/>
  </properties>
  <testcase time="0.006" classname="com.usabilitymethods.module.methoden.iconunderstandability.domain.ScoreRangeListTest" name="testInterval"/>
</testsuite>